{"logTime": "0422/071916", "correlationVector":"BoiIIbUaTggvzMpwnxVORN.1","action":"SyncServerConnectionManagerRequest", "result":"SYNC_SERVER_OK", "context":{"environment":"Prod_SoutheastAsia_000j", "migrationStage":"NotStarted", "server":"GENERAL0100000F"}}
{"logTime": "0422/071916", "correlationVector":"BoiIIbUaTggvzMpwnxVORN","action":"Initial GetUpdates", "result":"", "context":Reason: NEW_CLIENT. cV=BoiIIbUaTggvzMpwnxVORN}
{"logTime": "0422/071916", "correlationVector":"BoiIIbUaTggvzMpwnxVORN.2","action":"GetUpdates Response", "result":"Success", "context":Received 1 update(s). cV=BoiIIbUaTggvzMpwnxVORN.0;server=GENERAL0100000F;cloudType=Consumer;environment=Prod_SoutheastAsia_000j;migrationStage=NotStarted}
{"logTime": "0422/071935", "correlationVector":"/rzchgNy7OTgXoIiQhlk/c","action":"SyncServerConnectionManagerRequest", "result":"SYNC_SERVER_OK", "context":{"environment":"", "migrationStage":"", "server":""}}
{"logTime": "0422/071935", "correlationVector":"VstA9f6OoV45SE6bMLmwCj","action":"Initial GetUpdates", "result":"", "context":Reason: NEW_CLIENT. cV=VstA9f6OoV45SE6bMLmwCj}
{"logTime": "0422/071937", "correlationVector":"VstA9f6OoV45SE6bMLmwCj.1","action":"SyncServerConnectionManagerRequest", "result":"SYNC_SERVER_OK", "context":{"environment":"Prod_EastAsia_000d", "migrationStage":"NotStarted", "server":"GENERAL01000005"}}
{"logTime": "0422/071937", "correlationVector":"VstA9f6OoV45SE6bMLmwCj.2","action":"GetUpdates Response", "result":"Success", "context":Received 6 update(s). cV=VstA9f6OoV45SE6bMLmwCj.0;server=GENERAL01000005;cloudType=Consumer;environment=Prod_EastAsia_000d;migrationStage=NotStarted}
{"logTime": "0422/071937", "correlationVector":"d4MZ2BIlSzP4LBEKfVpVvO","action":"Normal GetUpdate request", "result":"", "context":cV=d4MZ2BIlSzP4LBEKfVpVvO
Nudged types: Device Info, User Consents
Refresh requested types: Device Info, User Consents, Send Tab To Self, Encryption Keys}
{"logTime": "0422/071938", "correlationVector":"d4MZ2BIlSzP4LBEKfVpVvO.1","action":"SyncServerConnectionManagerRequest", "result":"SYNC_SERVER_OK", "context":{"environment":"Prod_EastAsia_000d", "migrationStage":"NotStarted", "server":"GENERAL0100001C"}}
{"logTime": "0422/071938", "correlationVector":"d4MZ2BIlSzP4LBEKfVpVvO.2","action":"GetUpdates Response", "result":"Success", "context":Received 0 update(s). cV=d4MZ2BIlSzP4LBEKfVpVvO.0;server=GENERAL0100001C;cloudType=Consumer;environment=Prod_EastAsia_000d;migrationStage=NotStarted}
{"logTime": "0422/071938", "correlationVector":"FeMe9j1xoIISdG6qUyfrNz","action":"Commit Request", "result":"", "context":Item count: 2
Contributing types: Device Info, User Consents}
{"logTime": "0422/071939", "correlationVector":"FeMe9j1xoIISdG6qUyfrNz.1","action":"SyncServerConnectionManagerRequest", "result":"SYNC_SERVER_OK", "context":{"environment":"Prod_EastAsia_000d", "migrationStage":"NotStarted", "server":"GENERAL0100001L"}}
{"logTime": "0422/071939", "correlationVector":"FeMe9j1xoIISdG6qUyfrNz.2","action":"Commit Response", "result":"Success", "context":Result: Success. cV=FeMe9j1xoIISdG6qUyfrNz.0;server=GENERAL0100001L;cloudType=Consumer;environment=Prod_EastAsia_000d;migrationStage=NotStarted}
{"logTime": "0422/071939", "correlationVector":"qENZv/FU46z2QbgLrF1ytj","action":"Normal GetUpdate request", "result":"", "context":cV=qENZv/FU46z2QbgLrF1ytj
Nudged types: Device Info}
{"logTime": "0422/071940", "correlationVector":"qENZv/FU46z2QbgLrF1ytj.1","action":"SyncServerConnectionManagerRequest", "result":"SYNC_SERVER_OK", "context":{"environment":"Prod_EastAsia_000d", "migrationStage":"NotStarted", "server":"GENERAL0100001Z"}}
{"logTime": "0422/071940", "correlationVector":"qENZv/FU46z2QbgLrF1ytj.2","action":"GetUpdates Response", "result":"Success", "context":Received 1 update(s). cV=qENZv/FU46z2QbgLrF1ytj.0;server=GENERAL0100001Z;cloudType=Consumer;environment=Prod_EastAsia_000d;migrationStage=NotStarted}
{"logTime": "0422/072409", "correlationVector":"VL25lGJY3N+9JZhtt4vh8s","action":"Normal GetUpdate request", "result":"", "context":cV=VL25lGJY3N+9JZhtt4vh8s
Refresh requested types: Device Info, User Consents, Send Tab To Self, Encryption Keys}
{"logTime": "0422/072410", "correlationVector":"VL25lGJY3N+9JZhtt4vh8s.1","action":"SyncServerConnectionManagerRequest", "result":"SYNC_SERVER_OK", "context":{"environment":"Prod_SoutheastAsia_000j", "migrationStage":"NotStarted", "server":"GENERAL03000001"}}
{"logTime": "0422/072410", "correlationVector":"VL25lGJY3N+9JZhtt4vh8s.2","action":"GetUpdates Response", "result":"Success", "context":Received 0 update(s). cV=VL25lGJY3N+9JZhtt4vh8s.0;server=GENERAL03000001;cloudType=Consumer;environment=Prod_SoutheastAsia_000j;migrationStage=NotStarted}
{"logTime": "0426/085809", "correlationVector":"H5i+Ek6JIY9df2af/16WeR.1","action":"SyncServerConnectionManagerRequest", "result":"SYNC_SERVER_OK", "context":{"environment":"Prod_SoutheastAsia_000j", "migrationStage":"NotStarted", "server":"GENERAL0100000D"}}
{"logTime": "0426/085810", "correlationVector":"H5i+Ek6JIY9df2af/16WeR","action":"Initial GetUpdates", "result":"", "context":Reason: NEW_CLIENT. cV=H5i+Ek6JIY9df2af/16WeR}
{"logTime": "0426/085810", "correlationVector":"H5i+Ek6JIY9df2af/16WeR.2","action":"GetUpdates Response", "result":"Success", "context":Received 1 update(s). cV=H5i+Ek6JIY9df2af/16WeR.0;server=GENERAL0100000D;cloudType=Consumer;environment=Prod_SoutheastAsia_000j;migrationStage=NotStarted}
{"logTime": "0426/085810", "correlationVector":"2S9Y/FCszISFD1H+pbVUbg","action":"Normal GetUpdate request", "result":"", "context":cV=2S9Y/FCszISFD1H+pbVUbg
Nudged types: Device Info
Refresh requested types: Device Info, User Consents, Send Tab To Self, Encryption Keys}
{"logTime": "0426/085810", "correlationVector":"2S9Y/FCszISFD1H+pbVUbg.1","action":"SyncServerConnectionManagerRequest", "result":"SYNC_SERVER_OK", "context":{"environment":"Prod_SoutheastAsia_000j", "migrationStage":"NotStarted", "server":"general03000024"}}
{"logTime": "0426/085810", "correlationVector":"2S9Y/FCszISFD1H+pbVUbg.2","action":"GetUpdates Response", "result":"Success", "context":Received 1 update(s). cV=2S9Y/FCszISFD1H+pbVUbg.0;server=general03000024;cloudType=Consumer;environment=Prod_SoutheastAsia_000j;migrationStage=NotStarted}
{"logTime": "0426/085810", "correlationVector":"yRd5664niMZLviqmkINR+Q","action":"Commit Request", "result":"", "context":Item count: 1
Contributing types: Device Info}
{"logTime": "0426/085810", "correlationVector":"yRd5664niMZLviqmkINR+Q.1","action":"SyncServerConnectionManagerRequest", "result":"SYNC_SERVER_OK", "context":{"environment":"Prod_SoutheastAsia_000j", "migrationStage":"NotStarted", "server":"GENERAL01000014"}}
{"logTime": "0426/085810", "correlationVector":"yRd5664niMZLviqmkINR+Q.2","action":"Commit Response", "result":"Success", "context":Result: Success. cV=yRd5664niMZLviqmkINR+Q.0;server=GENERAL01000014;cloudType=Consumer;environment=Prod_SoutheastAsia_000j;migrationStage=NotStarted}
{"logTime": "0426/085810", "correlationVector":"cOkEK3s+LBXV900m+f8sNd","action":"Normal GetUpdate request", "result":"", "context":cV=cOkEK3s+LBXV900m+f8sNd
Nudged types: Device Info}
{"logTime": "0426/085810", "correlationVector":"cOkEK3s+LBXV900m+f8sNd.1","action":"SyncServerConnectionManagerRequest", "result":"SYNC_SERVER_OK", "context":{"environment":"Prod_SoutheastAsia_000j", "migrationStage":"NotStarted", "server":"GENERAL01000002"}}
{"logTime": "0426/085810", "correlationVector":"cOkEK3s+LBXV900m+f8sNd.2","action":"GetUpdates Response", "result":"Success", "context":Received 1 update(s). cV=cOkEK3s+LBXV900m+f8sNd.0;server=GENERAL01000002;cloudType=Consumer;environment=Prod_SoutheastAsia_000j;migrationStage=NotStarted}
{"logTime": "0426/085810", "correlationVector":"swKK5w3aVEqHzsmI1hkhxO","action":"Poll GetUpdate request", "result":"", "context":cV=swKK5w3aVEqHzsmI1hkhxO}
{"logTime": "0426/085810", "correlationVector":"swKK5w3aVEqHzsmI1hkhxO.1","action":"SyncServerConnectionManagerRequest", "result":"SYNC_SERVER_OK", "context":{"environment":"Prod_SoutheastAsia_000j", "migrationStage":"NotStarted", "server":"GENERAL03000009"}}
{"logTime": "0426/085810", "correlationVector":"swKK5w3aVEqHzsmI1hkhxO.2","action":"GetUpdates Response", "result":"Success", "context":Received 0 update(s). cV=swKK5w3aVEqHzsmI1hkhxO.0;server=GENERAL03000009;cloudType=Consumer;environment=Prod_SoutheastAsia_000j;migrationStage=NotStarted}
{"logTime": "0426/085810", "correlationVector":"F7aOZ15HXAkw/eRrdGmwOx","action":"SyncServerConnectionManagerRequest", "result":"SYNC_SERVER_OK", "context":{"environment":"", "migrationStage":"", "server":""}}
{"logTime": "0426/085810", "correlationVector":"QsXOtfDxj+bDf9R2hWWFwr","action":"Initial GetUpdates", "result":"", "context":Reason: RECONFIGURATION. cV=QsXOtfDxj+bDf9R2hWWFwr}
{"logTime": "0426/085811", "correlationVector":"QsXOtfDxj+bDf9R2hWWFwr.1","action":"SyncServerConnectionManagerRequest", "result":"SYNC_SERVER_OK", "context":{"environment":"Prod_SoutheastAsia_000j", "migrationStage":"NotStarted", "server":"GENERAL0300002D"}}
{"logTime": "0426/085811", "correlationVector":"QsXOtfDxj+bDf9R2hWWFwr.2","action":"GetUpdates", "result":"DeleteReceived", "context":{"id":"1cf23d31-a692-45f0-8df6-7b3a0f7cc5e2", "isDeleted:":"true", "version":"1683750686873"}}
{"logTime": "0426/085811", "correlationVector":"QsXOtfDxj+bDf9R2hWWFwr.3","action":"GetUpdates", "result":"DeleteReceived", "context":{"id":"68c58107-1cda-4d2b-8a5c-338acdbf8574", "isDeleted:":"true", "version":"1684831487216"}}
{"logTime": "0426/085811", "correlationVector":"QsXOtfDxj+bDf9R2hWWFwr.4","action":"GetUpdates", "result":"DeleteReceived", "context":{"id":"0ec5b8c6-21cd-4cda-aa9e-da2620581a55", "isDeleted:":"true", "version":"1688388394826"}}
{"logTime": "0426/085811", "correlationVector":"QsXOtfDxj+bDf9R2hWWFwr.5","action":"GetUpdates", "result":"DeleteReceived", "context":{"id":"fc4daf5f-fd89-417d-a9e8-443b4627f06a", "isDeleted:":"true", "version":"1689605230658"}}
{"logTime": "0426/085811", "correlationVector":"QsXOtfDxj+bDf9R2hWWFwr.6","action":"GetUpdates", "result":"DeleteReceived", "context":{"id":"30a68133-fee7-4187-8709-44bf721d9e63", "isDeleted:":"true", "version":"1689605230661"}}
{"logTime": "0426/085811", "correlationVector":"QsXOtfDxj+bDf9R2hWWFwr.7","action":"GetUpdates", "result":"DeleteReceived", "context":{"id":"4796c231-3b2d-45de-ab1d-d5b8f77f101b", "isDeleted:":"true", "version":"1689605235434"}}
{"logTime": "0426/085811", "correlationVector":"QsXOtfDxj+bDf9R2hWWFwr.8","action":"GetUpdates", "result":"DeleteReceived", "context":{"id":"3df6add1-e298-4b4e-909a-95922ec3d44d", "isDeleted:":"true", "version":"1689605236914"}}
{"logTime": "0426/085811", "correlationVector":"QsXOtfDxj+bDf9R2hWWFwr.9","action":"GetUpdates", "result":"DeleteReceived", "context":{"id":"fb1a3a71-90be-4f55-ade3-1fcc6627f94e", "isDeleted:":"true", "version":"1689605236919"}}
{"logTime": "0426/085811", "correlationVector":"QsXOtfDxj+bDf9R2hWWFwr.10","action":"GetUpdates", "result":"DeleteReceived", "context":{"id":"752a2ffb-d875-4804-a09e-0c8961b5a49b", "isDeleted:":"true", "version":"1689605238603"}}
{"logTime": "0426/085811", "correlationVector":"QsXOtfDxj+bDf9R2hWWFwr.11","action":"GetUpdates", "result":"DeleteReceived", "context":{"id":"adf34599-fa67-499a-bf44-524c7a255dae", "isDeleted:":"true", "version":"1689605241907"}}
{"logTime": "0426/085811", "correlationVector":"QsXOtfDxj+bDf9R2hWWFwr.12","action":"GetUpdates", "result":"DeleteReceived", "context":{"id":"bda789a3-5fed-4c5d-aafc-d3a97357f861", "isDeleted:":"true", "version":"1689605248163"}}
{"logTime": "0426/085811", "correlationVector":"QsXOtfDxj+bDf9R2hWWFwr.13","action":"GetUpdates", "result":"DeleteReceived", "context":{"id":"55113c5e-395f-458a-a407-a0a98675d9ea", "isDeleted:":"true", "version":"1689605251297"}}
{"logTime": "0426/085811", "correlationVector":"QsXOtfDxj+bDf9R2hWWFwr.14","action":"GetUpdates", "result":"DeleteReceived", "context":{"id":"981e37d3-87e8-42c5-b8c6-675149aa0380", "isDeleted:":"true", "version":"1689605257559"}}
{"logTime": "0426/085813", "correlationVector":"QsXOtfDxj+bDf9R2hWWFwr.15","action":"GetUpdates", "result":"DeleteReceived", "context":{"id":"efcbd3ce-0f72-4fb0-b430-5043cf055213", "isDeleted:":"true", "version":"1689605259215"}}
{"logTime": "0426/085813", "correlationVector":"QsXOtfDxj+bDf9R2hWWFwr.16","action":"GetUpdates", "result":"DeleteReceived", "context":{"id":"cbe2d61b-9143-41e9-932d-cec51f2a65ad", "isDeleted:":"true", "version":"1689605260500"}}
{"logTime": "0426/085813", "correlationVector":"QsXOtfDxj+bDf9R2hWWFwr.17","action":"GetUpdates", "result":"DeleteReceived", "context":{"id":"f85a87f0-fca1-4452-a4ad-d6802a0041cf", "isDeleted:":"true", "version":"1689834795453"}}
{"logTime": "0426/085813", "correlationVector":"QsXOtfDxj+bDf9R2hWWFwr.18","action":"GetUpdates", "result":"DeleteReceived", "context":{"id":"f9550c07-3125-4543-9e8c-e9f040eebc48", "isDeleted:":"true", "version":"1689834795456"}}
{"logTime": "0426/085814", "correlationVector":"QsXOtfDxj+bDf9R2hWWFwr.19","action":"GetUpdates", "result":"DeleteReceived", "context":{"id":"b591e8ae-76ea-4ef9-a5b0-9ed3aadf6538", "isDeleted:":"true", "version":"1694249439578"}}
{"logTime": "0426/085814", "correlationVector":"QsXOtfDxj+bDf9R2hWWFwr.20","action":"GetUpdates", "result":"DeleteReceived", "context":{"id":"fee15453-9e32-431d-813f-fc399602b312", "isDeleted:":"true", "version":"1708623182741"}}
{"logTime": "0426/085814", "correlationVector":"QsXOtfDxj+bDf9R2hWWFwr.21","action":"GetUpdates", "result":"DeleteReceived", "context":{"id":"c65d31d9-6990-4b83-8d60-59b2b6ff5322", "isDeleted:":"true", "version":"1708623184549"}}
{"logTime": "0426/085814", "correlationVector":"QsXOtfDxj+bDf9R2hWWFwr.22","action":"GetUpdates", "result":"DeleteReceived", "context":{"id":"15e64225-8a0e-4349-b45c-a19a982cdc57", "isDeleted:":"true", "version":"1708623184560"}}
{"logTime": "0426/085814", "correlationVector":"QsXOtfDxj+bDf9R2hWWFwr.23","action":"GetUpdates", "result":"DeleteReceived", "context":{"id":"bc1bc8a4-3905-43a1-a85e-91f0c1ac6066", "isDeleted:":"true", "version":"1708623184565"}}
{"logTime": "0426/085814", "correlationVector":"QsXOtfDxj+bDf9R2hWWFwr.24","action":"GetUpdates", "result":"DeleteReceived", "context":{"id":"6a81be0f-ff0a-41c1-ac5a-97a76b16005f", "isDeleted:":"true", "version":"1708623187342"}}
{"logTime": "0426/085814", "correlationVector":"QsXOtfDxj+bDf9R2hWWFwr.25","action":"GetUpdates", "result":"DeleteReceived", "context":{"id":"cfb3f000-90f7-437e-b357-f8c1e2ad1219", "isDeleted:":"true", "version":"1708623187345"}}
{"logTime": "0426/085814", "correlationVector":"QsXOtfDxj+bDf9R2hWWFwr.26","action":"GetUpdates Response", "result":"Success", "context":Received 250 update(s). cV=QsXOtfDxj+bDf9R2hWWFwr.0;server=GENERAL0300002D;cloudType=Consumer;environment=Prod_SoutheastAsia_000j;migrationStage=NotStarted Some updates remain.}
{"logTime": "0426/085814", "correlationVector":"QLdE6tzHXHCCoarHzej6ww","action":"Initial GetUpdates", "result":"", "context":Reason: RECONFIGURATION. cV=QLdE6tzHXHCCoarHzej6ww}
{"logTime": "0426/085814", "correlationVector":"QLdE6tzHXHCCoarHzej6ww.1","action":"SyncServerConnectionManagerRequest", "result":"SYNC_SERVER_OK", "context":{"environment":"Prod_SoutheastAsia_000j", "migrationStage":"NotStarted", "server":"GENERAL03000023"}}
{"logTime": "0426/085814", "correlationVector":"QLdE6tzHXHCCoarHzej6ww.2","action":"GetUpdates Response", "result":"Success", "context":Received 250 update(s). cV=QLdE6tzHXHCCoarHzej6ww.0;server=GENERAL03000023;cloudType=Consumer;environment=Prod_SoutheastAsia_000j;migrationStage=NotStarted Some updates remain.}
{"logTime": "0426/085814", "correlationVector":"HMGfaTA7KItTXG5tPd3Xd6","action":"Initial GetUpdates", "result":"", "context":Reason: RECONFIGURATION. cV=HMGfaTA7KItTXG5tPd3Xd6}
{"logTime": "0426/085814", "correlationVector":"HMGfaTA7KItTXG5tPd3Xd6.1","action":"SyncServerConnectionManagerRequest", "result":"SYNC_SERVER_OK", "context":{"environment":"Prod_SoutheastAsia_000j", "migrationStage":"NotStarted", "server":"general01000000"}}
{"logTime": "0426/085815", "correlationVector":"HMGfaTA7KItTXG5tPd3Xd6.2","action":"GetUpdates Response", "result":"Success", "context":Received 110 update(s). cV=HMGfaTA7KItTXG5tPd3Xd6.0;server=general01000000;cloudType=Consumer;environment=Prod_SoutheastAsia_000j;migrationStage=NotStarted}
{"logTime": "0426/085815", "correlationVector":"eeDnwQmc61Thz0tDvdNr+e","action":"Initial GetUpdates", "result":"", "context":Reason: NEWLY_SUPPORTED_DATATYPE. cV=eeDnwQmc61Thz0tDvdNr+e}
{"logTime": "0426/085815", "correlationVector":"eeDnwQmc61Thz0tDvdNr+e.1","action":"SyncServerConnectionManagerRequest", "result":"SYNC_SERVER_OK", "context":{"environment":"Prod_SoutheastAsia_000j", "migrationStage":"NotStarted", "server":"GENERAL0100000Q"}}
{"logTime": "0426/085815", "correlationVector":"eeDnwQmc61Thz0tDvdNr+e.2","action":"GetUpdates Response", "result":"Success", "context":Received 250 update(s). cV=eeDnwQmc61Thz0tDvdNr+e.0;server=GENERAL0100000Q;cloudType=Consumer;environment=Prod_SoutheastAsia_000j;migrationStage=NotStarted Some updates remain.}
{"logTime": "0426/085815", "correlationVector":"Fthy/Yhl1ez33OgUXaNPGz","action":"Initial GetUpdates", "result":"", "context":Reason: NEWLY_SUPPORTED_DATATYPE. cV=Fthy/Yhl1ez33OgUXaNPGz}
{"logTime": "0426/085816", "correlationVector":"Fthy/Yhl1ez33OgUXaNPGz.1","action":"SyncServerConnectionManagerRequest", "result":"SYNC_SERVER_OK", "context":{"environment":"Prod_SoutheastAsia_000j", "migrationStage":"NotStarted", "server":"GENERAL0300002E"}}
{"logTime": "0426/085816", "correlationVector":"Fthy/Yhl1ez33OgUXaNPGz.2","action":"GetUpdates Response", "result":"Success", "context":Received 109 update(s). cV=Fthy/Yhl1ez33OgUXaNPGz.0;server=GENERAL0300002E;cloudType=Consumer;environment=Prod_SoutheastAsia_000j;migrationStage=NotStarted}
{"logTime": "0426/085816", "correlationVector":"SXEqZB2XqvE37vChrhLX3F","action":"Initial GetUpdates", "result":"", "context":Reason: NEWLY_SUPPORTED_DATATYPE. cV=SXEqZB2XqvE37vChrhLX3F}
{"logTime": "0426/085817", "correlationVector":"SXEqZB2XqvE37vChrhLX3F.1","action":"SyncServerConnectionManagerRequest", "result":"SYNC_SERVER_OK", "context":{"environment":"Prod_SoutheastAsia_000j", "migrationStage":"NotStarted", "server":"GENERAL0100001H"}}
{"logTime": "0426/085817", "correlationVector":"SXEqZB2XqvE37vChrhLX3F.2","action":"GetUpdates", "result":"DeleteReceived", "context":{"id":"131215b2-afcd-48d6-b99e-74cbc81b3f47", "isDeleted:":"true", "version":"1706351258046"}}
{"logTime": "0426/085817", "correlationVector":"SXEqZB2XqvE37vChrhLX3F.3","action":"GetUpdates", "result":"DeleteReceived", "context":{"id":"05886a95-efcf-4a8a-8ffc-4f7df0a652ad", "isDeleted:":"true", "version":"1706351258049"}}
{"logTime": "0426/085817", "correlationVector":"SXEqZB2XqvE37vChrhLX3F.4","action":"GetUpdates", "result":"DeleteReceived", "context":{"id":"31874917-5b56-4c67-b2fc-dcf2580189a9", "isDeleted:":"true", "version":"1707120627560"}}
{"logTime": "0426/085817", "correlationVector":"SXEqZB2XqvE37vChrhLX3F.5","action":"GetUpdates", "result":"DeleteReceived", "context":{"id":"8d237ccb-57eb-44ec-b5f6-dbc9a9bea9e5", "isDeleted:":"true", "version":"1707120627561"}}
{"logTime": "0426/085817", "correlationVector":"SXEqZB2XqvE37vChrhLX3F.6","action":"GetUpdates", "result":"DeleteReceived", "context":{"id":"e5bf06db-19ca-4c0a-ba7c-1780a03e2f2f", "isDeleted:":"true", "version":"1707148708215"}}
{"logTime": "0426/085817", "correlationVector":"SXEqZB2XqvE37vChrhLX3F.7","action":"GetUpdates", "result":"DeleteReceived", "context":{"id":"390d65cb-80c3-4774-a0c7-6bed9df09692", "isDeleted:":"true", "version":"1707148739711"}}
{"logTime": "0426/085817", "correlationVector":"SXEqZB2XqvE37vChrhLX3F.8","action":"GetUpdates", "result":"DeleteReceived", "context":{"id":"3cad6995-851a-449b-af04-1f9393a913f7", "isDeleted:":"true", "version":"1707754076668"}}
{"logTime": "0426/085817", "correlationVector":"SXEqZB2XqvE37vChrhLX3F.9","action":"GetUpdates", "result":"DeleteReceived", "context":{"id":"14cb082f-927a-4a82-80fd-44b74497e387", "isDeleted:":"true", "version":"1708064680193"}}
{"logTime": "0426/085817", "correlationVector":"SXEqZB2XqvE37vChrhLX3F.10","action":"GetUpdates", "result":"DeleteReceived", "context":{"id":"89aa7879-ee7a-4433-b7de-13ab68c70835", "isDeleted:":"true", "version":"1708757229018"}}
{"logTime": "0426/085817", "correlationVector":"SXEqZB2XqvE37vChrhLX3F.11","action":"GetUpdates", "result":"DeleteReceived", "context":{"id":"e1ea9b69-866e-476d-9df6-bd07a4eff6e1", "isDeleted:":"true", "version":"1708757229020"}}
{"logTime": "0426/085818", "correlationVector":"SXEqZB2XqvE37vChrhLX3F.12","action":"GetUpdates", "result":"DeleteReceived", "context":{"id":"6b6eccc2-2902-4146-8c83-99e3a5b76951", "isDeleted:":"true", "version":"1708757229021"}}
{"logTime": "0426/085818", "correlationVector":"SXEqZB2XqvE37vChrhLX3F.13","action":"GetUpdates", "result":"DeleteReceived", "context":{"id":"092cabdb-391b-4d64-8004-08b26d25edc4", "isDeleted:":"true", "version":"1708757229022"}}
{"logTime": "0426/085818", "correlationVector":"SXEqZB2XqvE37vChrhLX3F.14","action":"GetUpdates", "result":"DeleteReceived", "context":{"id":"021b868a-fe6d-4903-a96a-ce8e6e9a8451", "isDeleted:":"true", "version":"1708757229023"}}
{"logTime": "0426/085818", "correlationVector":"SXEqZB2XqvE37vChrhLX3F.15","action":"GetUpdates", "result":"DeleteReceived", "context":{"id":"0fb0f1c7-ac67-4481-93ef-b2134758ab17", "isDeleted:":"true", "version":"1708757229024"}}
{"logTime": "0426/085818", "correlationVector":"SXEqZB2XqvE37vChrhLX3F.16","action":"GetUpdates", "result":"DeleteReceived", "context":{"id":"9219b85a-ec2d-40e3-ba7f-80c0b67791e5", "isDeleted:":"true", "version":"1708757229025"}}
{"logTime": "0426/085818", "correlationVector":"SXEqZB2XqvE37vChrhLX3F.17","action":"GetUpdates", "result":"DeleteReceived", "context":{"id":"258bdf7c-5007-4993-bf6a-2b23e9ce182a", "isDeleted:":"true", "version":"1708757229026"}}
{"logTime": "0426/085818", "correlationVector":"SXEqZB2XqvE37vChrhLX3F.18","action":"GetUpdates", "result":"DeleteReceived", "context":{"id":"f4d80aa7-9f3c-4943-a148-632c1877a5b8", "isDeleted:":"true", "version":"1708757229027"}}
{"logTime": "0426/085818", "correlationVector":"SXEqZB2XqvE37vChrhLX3F.19","action":"GetUpdates", "result":"DeleteReceived", "context":{"id":"e2daa24b-bc7f-43e1-80d2-b3edaed8fafc", "isDeleted:":"true", "version":"1708757229028"}}
{"logTime": "0426/085818", "correlationVector":"SXEqZB2XqvE37vChrhLX3F.20","action":"GetUpdates", "result":"DeleteReceived", "context":{"id":"99292847-8bb3-40ba-97e9-5e38f67941b3", "isDeleted:":"true", "version":"1708757229029"}}
{"logTime": "0426/085818", "correlationVector":"SXEqZB2XqvE37vChrhLX3F.21","action":"GetUpdates", "result":"DeleteReceived", "context":{"id":"4cdacba3-edbd-4927-a744-452b9afd0665", "isDeleted:":"true", "version":"1708928341989"}}
{"logTime": "0426/085818", "correlationVector":"SXEqZB2XqvE37vChrhLX3F.22","action":"GetUpdates", "result":"DeleteReceived", "context":{"id":"0f079c8f-c534-475c-97d0-239431d659d5", "isDeleted:":"true", "version":"1708928341990"}}
{"logTime": "0426/085818", "correlationVector":"SXEqZB2XqvE37vChrhLX3F.23","action":"GetUpdates", "result":"DeleteReceived", "context":{"id":"e4dccf65-f3f3-420f-a330-ede90a44f1b3", "isDeleted:":"true", "version":"1709615187302"}}
{"logTime": "0426/085818", "correlationVector":"SXEqZB2XqvE37vChrhLX3F.24","action":"GetUpdates", "result":"DeleteReceived", "context":{"id":"4ccd26b1-9e91-417a-aa7a-51c6e2f5e359", "isDeleted:":"true", "version":"1709615187303"}}
{"logTime": "0426/085818", "correlationVector":"SXEqZB2XqvE37vChrhLX3F.25","action":"GetUpdates", "result":"DeleteReceived", "context":{"id":"11d4b8c8-64cb-446c-9285-2c640b00874c", "isDeleted:":"true", "version":"1709615187304"}}
{"logTime": "0426/085818", "correlationVector":"SXEqZB2XqvE37vChrhLX3F.26","action":"GetUpdates", "result":"DeleteReceived", "context":{"id":"59128e17-d49d-4a76-b460-ce8d88ede3af", "isDeleted:":"true", "version":"1709615187305"}}
{"logTime": "0426/085818", "correlationVector":"SXEqZB2XqvE37vChrhLX3F.27","action":"GetUpdates", "result":"DeleteReceived", "context":{"id":"f7242a31-6691-4962-bc42-c4375e1bffff", "isDeleted:":"true", "version":"1709615187306"}}
{"logTime": "0426/085818", "correlationVector":"SXEqZB2XqvE37vChrhLX3F.28","action":"GetUpdates", "result":"DeleteReceived", "context":{"id":"e7e9734d-cbb1-47ef-a3b0-096290a61217", "isDeleted:":"true", "version":"1709615187307"}}
{"logTime": "0426/085818", "correlationVector":"SXEqZB2XqvE37vChrhLX3F.29","action":"GetUpdates", "result":"DeleteReceived", "context":{"id":"86efb25c-2b3b-44f6-b343-f2d9430b5662", "isDeleted:":"true", "version":"1709615198447"}}
{"logTime": "0426/085818", "correlationVector":"SXEqZB2XqvE37vChrhLX3F.30","action":"GetUpdates", "result":"DeleteReceived", "context":{"id":"7926c8d1-b5c4-4231-8bda-1e7ebd433a95", "isDeleted:":"true", "version":"1709615198449"}}
{"logTime": "0426/085818", "correlationVector":"SXEqZB2XqvE37vChrhLX3F.31","action":"GetUpdates", "result":"DeleteReceived", "context":{"id":"dc8ebb0c-6fb6-4ae6-91f4-1ce595a9ffaa", "isDeleted:":"true", "version":"1709615198450"}}
{"logTime": "0426/085818", "correlationVector":"SXEqZB2XqvE37vChrhLX3F.32","action":"GetUpdates", "result":"DeleteReceived", "context":{"id":"c7bc2cd2-02f8-4bf9-a114-78586419b8ba", "isDeleted:":"true", "version":"1711448818866"}}
{"logTime": "0426/085818", "correlationVector":"SXEqZB2XqvE37vChrhLX3F.33","action":"GetUpdates", "result":"DeleteReceived", "context":{"id":"84121b01-61c5-46ba-8b48-557635878dea", "isDeleted:":"true", "version":"1712547214582"}}
{"logTime": "0426/085818", "correlationVector":"SXEqZB2XqvE37vChrhLX3F.34","action":"GetUpdates", "result":"DeleteReceived", "context":{"id":"4159f74f-34b4-49ea-b4f4-2f270eada660", "isDeleted:":"true", "version":"1712547298938"}}
{"logTime": "0426/085818", "correlationVector":"SXEqZB2XqvE37vChrhLX3F.35","action":"GetUpdates", "result":"DeleteReceived", "context":{"id":"ae08e863-f49f-41c5-b56c-cc2d078ac30d", "isDeleted:":"true", "version":"1712944306781"}}
{"logTime": "0426/085818", "correlationVector":"SXEqZB2XqvE37vChrhLX3F.36","action":"GetUpdates", "result":"DeleteReceived", "context":{"id":"69436f69-f30a-4b0f-97ca-cfd218e39d38", "isDeleted:":"true", "version":"1712944306782"}}
{"logTime": "0426/085818", "correlationVector":"SXEqZB2XqvE37vChrhLX3F.37","action":"GetUpdates", "result":"DeleteReceived", "context":{"id":"d2577cbf-c11c-41dc-b307-09f94abe21fd", "isDeleted:":"true", "version":"1712944306783"}}
{"logTime": "0426/085818", "correlationVector":"SXEqZB2XqvE37vChrhLX3F.38","action":"GetUpdates", "result":"DeleteReceived", "context":{"id":"6844b2f3-851d-4ea4-81a7-78982ad31744", "isDeleted:":"true", "version":"1712944306784"}}
{"logTime": "0426/085818", "correlationVector":"SXEqZB2XqvE37vChrhLX3F.39","action":"GetUpdates", "result":"DeleteReceived", "context":{"id":"ff9b778d-f8d3-4ada-99e1-fbd3463d996d", "isDeleted:":"true", "version":"1712944306785"}}
{"logTime": "0426/085818", "correlationVector":"SXEqZB2XqvE37vChrhLX3F.40","action":"GetUpdates", "result":"DeleteReceived", "context":{"id":"0db436a9-719d-48ea-9bf1-abd782f75d97", "isDeleted:":"true", "version":"1712944306786"}}
{"logTime": "0426/085818", "correlationVector":"SXEqZB2XqvE37vChrhLX3F.41","action":"GetUpdates", "result":"DeleteReceived", "context":{"id":"7a31aee6-8d82-4fcf-a7fe-e0f49e861b41", "isDeleted:":"true", "version":"1712944306787"}}
{"logTime": "0426/085818", "correlationVector":"SXEqZB2XqvE37vChrhLX3F.42","action":"GetUpdates", "result":"DeleteReceived", "context":{"id":"c4330b83-34a9-43bf-8e21-bb2d8a083d85", "isDeleted:":"true", "version":"1714104534341"}}
{"logTime": "0426/085818", "correlationVector":"SXEqZB2XqvE37vChrhLX3F.43","action":"GetUpdates Response", "result":"Success", "context":Received 114 update(s). cV=SXEqZB2XqvE37vChrhLX3F.0;server=GENERAL0100001H;cloudType=Consumer;environment=Prod_SoutheastAsia_000j;migrationStage=NotStarted}
{"logTime": "0426/085819", "correlationVector":"YbC1fqbJXnTTvXTNj35sPJ","action":"Normal GetUpdate request", "result":"", "context":cV=YbC1fqbJXnTTvXTNj35sPJ
Nudged types: Bookmarks, Passwords, Sessions, Device Info
Refresh requested types: Bookmarks, Preferences, Passwords, Autofill Profiles, Autofill, Typed URLs, Extensions, Sessions, Extension settings, History Delete Directives, Device Info, User Consents, Send Tab To Self, Web Apps, Collection, Edge E Drop, Edge Hub App Usage, Edge Tab Group, Edge Wallet, Encryption Keys}
{"logTime": "0426/085819", "correlationVector":"YbC1fqbJXnTTvXTNj35sPJ.1","action":"SyncServerConnectionManagerRequest", "result":"SYNC_SERVER_OK", "context":{"environment":"Prod_SoutheastAsia_000j", "migrationStage":"NotStarted", "server":"GENERAL0300002F"}}
{"logTime": "0426/085819", "correlationVector":"YbC1fqbJXnTTvXTNj35sPJ.2","action":"GetUpdates Response", "result":"Success", "context":Received 0 update(s). cV=YbC1fqbJXnTTvXTNj35sPJ.0;server=GENERAL0300002F;cloudType=Consumer;environment=Prod_SoutheastAsia_000j;migrationStage=NotStarted}
{"logTime": "0426/085819", "correlationVector":"cka90pH7LWQNOcaQrMZ+nc","action":"Commit Request", "result":"", "context":Item count: 40
Contributing types: Passwords}
{"logTime": "0426/085820", "correlationVector":"cka90pH7LWQNOcaQrMZ+nc.1","action":"SyncServerConnectionManagerRequest", "result":"SYNC_SERVER_OK", "context":{"environment":"Prod_SoutheastAsia_000j", "migrationStage":"NotStarted", "server":"general03000024"}}
{"logTime": "0426/085820", "correlationVector":"cka90pH7LWQNOcaQrMZ+nc.2","action":"Commit Response", "result":"Success", "context":Result: Success. cV=cka90pH7LWQNOcaQrMZ+nc.0;server=general03000024;cloudType=Consumer;environment=Prod_SoutheastAsia_000j;migrationStage=NotStarted}
{"logTime": "0426/085820", "correlationVector":"NcN0Dk68Igfs+fm0+pGPDp","action":"Commit Request", "result":"", "context":Item count: 40
Contributing types: Passwords}
{"logTime": "0426/085823", "correlationVector":"NcN0Dk68Igfs+fm0+pGPDp.1","action":"SyncServerConnectionManagerRequest", "result":"SYNC_SERVER_OK", "context":{"environment":"Prod_SoutheastAsia_000j", "migrationStage":"NotStarted", "server":"GENERAL0100000Q"}}
{"logTime": "0426/085823", "correlationVector":"NcN0Dk68Igfs+fm0+pGPDp.2","action":"Commit Response", "result":"Success", "context":Result: Success. cV=NcN0Dk68Igfs+fm0+pGPDp.0;server=GENERAL0100000Q;cloudType=Consumer;environment=Prod_SoutheastAsia_000j;migrationStage=NotStarted}
{"logTime": "0426/085823", "correlationVector":"2mxev89oIEHc9enYDwC8/k","action":"Commit Request", "result":"", "context":Item count: 40
Contributing types: Passwords}
{"logTime": "0426/085827", "correlationVector":"2mxev89oIEHc9enYDwC8/k.1","action":"SyncServerConnectionManagerRequest", "result":"SYNC_SERVER_OK", "context":{"environment":"Prod_SoutheastAsia_000j", "migrationStage":"NotStarted", "server":"GENERAL03000009"}}
{"logTime": "0426/085827", "correlationVector":"2mxev89oIEHc9enYDwC8/k.2","action":"Commit Response", "result":"Success", "context":Result: Success. cV=2mxev89oIEHc9enYDwC8/k.0;server=GENERAL03000009;cloudType=Consumer;environment=Prod_SoutheastAsia_000j;migrationStage=NotStarted}
{"logTime": "0426/085827", "correlationVector":"GsC7s4uZ22NFBw/45XQFNI","action":"Commit Request", "result":"", "context":Item count: 25
Contributing types: Bookmarks, Passwords, Sessions, Device Info, Web Apps}
{"logTime": "0426/085829", "correlationVector":"GsC7s4uZ22NFBw/45XQFNI.1","action":"SyncServerConnectionManagerRequest", "result":"SYNC_SERVER_OK", "context":{"environment":"Prod_SoutheastAsia_000j", "migrationStage":"NotStarted", "server":"GENERAL01000005"}}
{"logTime": "0426/085829", "correlationVector":"GsC7s4uZ22NFBw/45XQFNI.2","action":"Commit Response", "result":"Success", "context":Result: Success. cV=GsC7s4uZ22NFBw/45XQFNI.0;server=GENERAL01000005;cloudType=Consumer;environment=Prod_SoutheastAsia_000j;migrationStage=NotStarted}
{"logTime": "0426/085830", "correlationVector":"yOdgvk5oFuqtvi8rKAyC/M","action":"Commit Request", "result":"", "context":Item count: 1
Contributing types: Sessions}
{"logTime": "0426/085830", "correlationVector":"yOdgvk5oFuqtvi8rKAyC/M.1","action":"SyncServerConnectionManagerRequest", "result":"SYNC_SERVER_OK", "context":{"environment":"Prod_SoutheastAsia_000j", "migrationStage":"NotStarted", "server":"GENERAL03000009"}}
{"logTime": "0426/085830", "correlationVector":"yOdgvk5oFuqtvi8rKAyC/M.2","action":"Commit Response", "result":"Success", "context":Result: Success. cV=yOdgvk5oFuqtvi8rKAyC/M.0;server=GENERAL03000009;cloudType=Consumer;environment=Prod_SoutheastAsia_000j;migrationStage=NotStarted}
{"logTime": "0426/085900", "correlationVector":"Ub3ydjlAGvzvk5lDfx+/MC","action":"Commit Request", "result":"", "context":Item count: 1
Contributing types: Sessions}
{"logTime": "0426/085901", "correlationVector":"Ub3ydjlAGvzvk5lDfx+/MC.1","action":"SyncServerConnectionManagerRequest", "result":"SYNC_SERVER_OK", "context":{"environment":"Prod_SoutheastAsia_000j", "migrationStage":"NotStarted", "server":"GENERAL0100000U"}}
{"logTime": "0426/085901", "correlationVector":"Ub3ydjlAGvzvk5lDfx+/MC.2","action":"Commit Response", "result":"Success", "context":Result: Success. cV=Ub3ydjlAGvzvk5lDfx+/MC.0;server=GENERAL0100000U;cloudType=Consumer;environment=Prod_SoutheastAsia_000j;migrationStage=NotStarted}
{"logTime": "0426/085935", "correlationVector":"+3YNVErv4s5R67lHImd2MZ","action":"Commit Request", "result":"", "context":Item count: 40
Contributing types: Passwords}
{"logTime": "0426/085939", "correlationVector":"+3YNVErv4s5R67lHImd2MZ.1","action":"SyncServerConnectionManagerRequest", "result":"SYNC_SERVER_OK", "context":{"environment":"Prod_SoutheastAsia_000j", "migrationStage":"NotStarted", "server":"GENERAL0100000O"}}
{"logTime": "0426/085939", "correlationVector":"+3YNVErv4s5R67lHImd2MZ.2","action":"Commit Response", "result":"Success", "context":Result: Success. cV=+3YNVErv4s5R67lHImd2MZ.0;server=GENERAL0100000O;cloudType=Consumer;environment=Prod_SoutheastAsia_000j;migrationStage=NotStarted}
{"logTime": "0426/085939", "correlationVector":"cC8FRuVVcm21f0V6NFXhKK","action":"Commit Request", "result":"", "context":Item count: 40
Contributing types: Passwords}
{"logTime": "0426/085942", "correlationVector":"cC8FRuVVcm21f0V6NFXhKK.1","action":"SyncServerConnectionManagerRequest", "result":"SYNC_SERVER_OK", "context":{"environment":"Prod_SoutheastAsia_000j", "migrationStage":"NotStarted", "server":"general0100000B"}}
{"logTime": "0426/085942", "correlationVector":"cC8FRuVVcm21f0V6NFXhKK.2","action":"Commit Response", "result":"Success", "context":Result: Success. cV=cC8FRuVVcm21f0V6NFXhKK.0;server=general0100000B;cloudType=Consumer;environment=Prod_SoutheastAsia_000j;migrationStage=NotStarted}
{"logTime": "0426/085942", "correlationVector":"6OLQK+2pbKmzm8dS6dNqKg","action":"Commit Request", "result":"", "context":Item count: 40
Contributing types: Passwords}
{"logTime": "0426/085947", "correlationVector":"6OLQK+2pbKmzm8dS6dNqKg.1","action":"SyncServerConnectionManagerRequest", "result":"SYNC_SERVER_OK", "context":{"environment":"Prod_SoutheastAsia_000j", "migrationStage":"NotStarted", "server":"general0100000B"}}
{"logTime": "0426/085947", "correlationVector":"6OLQK+2pbKmzm8dS6dNqKg.2","action":"Commit Response", "result":"Success", "context":Result: Success. cV=6OLQK+2pbKmzm8dS6dNqKg.0;server=general0100000B;cloudType=Consumer;environment=Prod_SoutheastAsia_000j;migrationStage=NotStarted}
{"logTime": "0426/085947", "correlationVector":"sBxv+/c7w6xX+gOpJqQR3B","action":"Commit Request", "result":"", "context":Item count: 15
Contributing types: Preferences, Passwords}
{"logTime": "0426/085948", "correlationVector":"sBxv+/c7w6xX+gOpJqQR3B.1","action":"SyncServerConnectionManagerRequest", "result":"SYNC_SERVER_OK", "context":{"environment":"Prod_SoutheastAsia_000j", "migrationStage":"NotStarted", "server":"GENERAL03000025"}}
{"logTime": "0426/085948", "correlationVector":"sBxv+/c7w6xX+gOpJqQR3B.2","action":"Commit Response", "result":"Success", "context":Result: Success. cV=sBxv+/c7w6xX+gOpJqQR3B.0;server=GENERAL03000025;cloudType=Consumer;environment=Prod_SoutheastAsia_000j;migrationStage=NotStarted}
{"logTime": "0426/090301", "correlationVector":"vTdlAs1U1hZ3q0/r0HhMDU","action":"Normal GetUpdate request", "result":"", "context":cV=vTdlAs1U1hZ3q0/r0HhMDU
Refresh requested types: Bookmarks, Preferences, Passwords, Autofill Profiles, Autofill, Typed URLs, Extensions, Sessions, Extension settings, History Delete Directives, Device Info, User Consents, Send Tab To Self, Web Apps, Collection, Edge E Drop, Edge Hub App Usage, Edge Tab Group, Edge Wallet, Encryption Keys}
{"logTime": "0426/090303", "correlationVector":"vTdlAs1U1hZ3q0/r0HhMDU.1","action":"SyncServerConnectionManagerRequest", "result":"SYNC_SERVER_OK", "context":{"environment":"Prod_SoutheastAsia_000j", "migrationStage":"NotStarted", "server":"GENERAL01000018"}}
{"logTime": "0426/090303", "correlationVector":"vTdlAs1U1hZ3q0/r0HhMDU.2","action":"GetUpdates Response", "result":"Success", "context":Received 249 update(s). cV=vTdlAs1U1hZ3q0/r0HhMDU.0;server=GENERAL01000018;cloudType=Consumer;environment=Prod_SoutheastAsia_000j;migrationStage=NotStarted}
{"logTime": "0426/090501", "correlationVector":"8687TNuc0AnxHjH8PK6d7h","action":"Commit Request", "result":"", "context":Item count: 1
Contributing types: Sessions}
{"logTime": "0426/090501", "correlationVector":"8687TNuc0AnxHjH8PK6d7h.1","action":"SyncServerConnectionManagerRequest", "result":"SYNC_SERVER_OK", "context":{"environment":"Prod_SoutheastAsia_000j", "migrationStage":"NotStarted", "server":"GENERAL0300002F"}}
{"logTime": "0426/090501", "correlationVector":"8687TNuc0AnxHjH8PK6d7h.2","action":"Commit Response", "result":"Success", "context":Result: Success. cV=8687TNuc0AnxHjH8PK6d7h.0;server=GENERAL0300002F;cloudType=Consumer;environment=Prod_SoutheastAsia_000j;migrationStage=NotStarted}
{"logTime": "0426/090830", "correlationVector":"Jw0aUSKBQJgpLNoLlUg77j","action":"Commit Request", "result":"", "context":Item count: 1
Contributing types: Sessions}
{"logTime": "0426/090833", "correlationVector":"Jw0aUSKBQJgpLNoLlUg77j.1","action":"SyncServerConnectionManagerRequest", "result":"SYNC_SERVER_OK", "context":{"environment":"Prod_SoutheastAsia_000j", "migrationStage":"NotStarted", "server":"GENERAL0300001N"}}
{"logTime": "0426/090833", "correlationVector":"Jw0aUSKBQJgpLNoLlUg77j.2","action":"Commit Response", "result":"Success", "context":Result: Success. cV=Jw0aUSKBQJgpLNoLlUg77j.0;server=GENERAL0300001N;cloudType=Consumer;environment=Prod_SoutheastAsia_000j;migrationStage=NotStarted}
{"logTime": "0426/091826", "correlationVector":"LGpEE7IcvLXuos/NgBUcEK","action":"Commit Request", "result":"", "context":Item count: 1
Contributing types: Sessions}
{"logTime": "0426/091826", "correlationVector":"LGpEE7IcvLXuos/NgBUcEK.1","action":"SyncServerConnectionManagerRequest", "result":"SYNC_SERVER_OK", "context":{"environment":"Prod_WestEurope_x00e", "migrationStage":"NotStarted", "server":"GENERAL0200002E"}}
{"logTime": "0426/091826", "correlationVector":"LGpEE7IcvLXuos/NgBUcEK.2","action":"Commit Response", "result":"Success", "context":Result: Success. cV=LGpEE7IcvLXuos/NgBUcEK.0;server=GENERAL0200002E;cloudType=Consumer;environment=Prod_WestEurope_x00e;migrationStage=NotStarted}
{"logTime": "0426/092103", "correlationVector":"jUqaehNDFpCkeg3dJVfUwU","action":"Commit Request", "result":"", "context":Item count: 1
Contributing types: Sessions}
{"logTime": "0426/092103", "correlationVector":"jUqaehNDFpCkeg3dJVfUwU.1","action":"SyncServerConnectionManagerRequest", "result":"SYNC_SERVER_OK", "context":{"environment":"Prod_SoutheastAsia_000j", "migrationStage":"NotStarted", "server":"GENERAL0100000E"}}
{"logTime": "0426/092103", "correlationVector":"jUqaehNDFpCkeg3dJVfUwU.2","action":"Commit Response", "result":"Success", "context":Result: Success. cV=jUqaehNDFpCkeg3dJVfUwU.0;server=GENERAL0100000E;cloudType=Consumer;environment=Prod_SoutheastAsia_000j;migrationStage=NotStarted}
{"logTime": "0426/092204", "correlationVector":"p+dOIEAyejZG68KM2pJjq9","action":"Commit Request", "result":"", "context":Item count: 1
Contributing types: Sessions}
{"logTime": "0426/092206", "correlationVector":"p+dOIEAyejZG68KM2pJjq9.0","action":"SyncServerConnectionManagerRequest", "result":"SYNC_SERVER_ERROR", "context":{"environment":"", "error_type":"http_status_code", "error_value":"502", "migrationStage":"", "server":""}}
{"logTime": "0426/092206", "correlationVector":"p+dOIEAyejZG68KM2pJjq9.1","action":"Commit Response", "result":"HTTP error (502)", "context":Result: HTTP error (502). }
{"logTime": "0426/092251", "correlationVector":"XuY1zEYYxBDEaPeqKq3eEl","action":"Commit Request", "result":"", "context":Item count: 1
Contributing types: Sessions}
{"logTime": "0426/092251", "correlationVector":"XuY1zEYYxBDEaPeqKq3eEl.1","action":"SyncServerConnectionManagerRequest", "result":"SYNC_SERVER_OK", "context":{"environment":"Prod_SoutheastAsia_000j", "migrationStage":"NotStarted", "server":"general0100000W"}}
{"logTime": "0426/092251", "correlationVector":"XuY1zEYYxBDEaPeqKq3eEl.2","action":"Commit Response", "result":"Success", "context":Result: Success. cV=XuY1zEYYxBDEaPeqKq3eEl.0;server=general0100000W;cloudType=Consumer;environment=Prod_SoutheastAsia_000j;migrationStage=NotStarted}
{"logTime": "0426/092510", "correlationVector":"gQafKDznUROddUDtHYQGqC","action":"Commit Request", "result":"", "context":Item count: 1
Contributing types: Sessions}
{"logTime": "0426/092511", "correlationVector":"gQafKDznUROddUDtHYQGqC.1","action":"SyncServerConnectionManagerRequest", "result":"SYNC_SERVER_OK", "context":{"environment":"Prod_SoutheastAsia_000j", "migrationStage":"NotStarted", "server":"GENERAL0300001N"}}
{"logTime": "0426/092511", "correlationVector":"gQafKDznUROddUDtHYQGqC.2","action":"Commit Response", "result":"Success", "context":Result: Success. cV=gQafKDznUROddUDtHYQGqC.0;server=GENERAL0300001N;cloudType=Consumer;environment=Prod_SoutheastAsia_000j;migrationStage=NotStarted}
{"logTime": "0426/092557", "correlationVector":"ehmRW4eD8wUZj5DfkSJ12n","action":"Commit Request", "result":"", "context":Item count: 1
Contributing types: Sessions}
{"logTime": "0426/092558", "correlationVector":"ehmRW4eD8wUZj5DfkSJ12n.1","action":"SyncServerConnectionManagerRequest", "result":"SYNC_SERVER_OK", "context":{"environment":"Prod_SoutheastAsia_000j", "migrationStage":"NotStarted", "server":"GENERAL03000023"}}
{"logTime": "0426/092558", "correlationVector":"ehmRW4eD8wUZj5DfkSJ12n.2","action":"Commit Response", "result":"Success", "context":Result: Success. cV=ehmRW4eD8wUZj5DfkSJ12n.0;server=GENERAL03000023;cloudType=Consumer;environment=Prod_SoutheastAsia_000j;migrationStage=NotStarted}
